<?xml version="1.0" encoding="UTF-8"?>
<testng-results skipped="0" failed="0" total="1" passed="1">
  <reporter-output>
  </reporter-output>
  <suite name="Suite" duration-ms="22994" started-at="2020-09-06T08:25:38Z" finished-at="2020-09-06T08:26:01Z">
    <groups>
    </groups>
    <test name="TestOnChrome" duration-ms="22994" started-at="2020-09-06T08:25:38Z" finished-at="2020-09-06T08:26:01Z">
      <class name="TestCases.FacebookLoginTestCase">
        <test-method status="PASS" signature="init()[pri:0, instance:TestCases.FacebookLoginTestCase@3159c4b8]" name="init" is-config="true" duration-ms="17661" started-at="2020-09-06T13:55:38Z" finished-at="2020-09-06T13:55:56Z">
          <reporter-output>
          </reporter-output>
        </test-method> <!-- init -->
        <test-method status="PASS" signature="testInvalidLogin()[pri:0, instance:TestCases.FacebookLoginTestCase@3159c4b8]" name="testInvalidLogin" duration-ms="4053" started-at="2020-09-06T13:55:56Z" finished-at="2020-09-06T13:56:00Z">
          <reporter-output>
          </reporter-output>
        </test-method> <!-- testInvalidLogin -->
        <test-method status="PASS" signature="closeBrowser()[pri:0, instance:TestCases.FacebookLoginTestCase@3159c4b8]" name="closeBrowser" is-config="true" duration-ms="1237" started-at="2020-09-06T13:56:00Z" finished-at="2020-09-06T13:56:01Z">
          <reporter-output>
          </reporter-output>
        </test-method> <!-- closeBrowser -->
      </class> <!-- TestCases.FacebookLoginTestCase -->
    </test> <!-- TestOnChrome -->
  </suite> <!-- Suite -->
</testng-results>
